<?xml version="1.0" encoding="UTF-8"?>
<testsuite xmlns:xsi="http://www.w3.org/2001/XMLSchema-instance" xsi:noNamespaceSchemaLocation="https://maven.apache.org/surefire/maven-surefire-plugin/xsd/surefire-test-report.xsd" name="PixTests.DevolucaoPixTest" time="6.173" tests="1" errors="0" skipped="0" failures="1">
  <properties>
[...]
</properties>
  <testcase name="devolucaoDePagamento" classname="PixTests.DevolucaoPixTest" time="6.173">
    <failure message="1 expectation failed.&#10;Expected status code &lt;201&gt; but was &lt;401&gt;.&#10;" type="java.lang.AssertionError"><![CDATA[java.lang.AssertionError: 
1 expectation failed.
Expected status code <201> but was <401>.

	at PixTests.DevolucaoPixTest.devolucaoDePagamento(DevolucaoPixTest.java:97)
]]></failure>
    <system-out><![CDATA[Request method:	POST
Request URI:	https://api-hml.bancopan.com.br/bancodigital/api/v1/autenticacao
Proxy:			<none>
Request params:	<none>
Query params:	<none>
Form params:	<none>
Path params:	<none>
Headers:		origem=automacao
				Accept=*/*
				Content-Type=application/json; charset=UTF-8
Cookies:		<none>
Multiparts:		<none>
Body:
{
    "usuario": "19271475305",
    "senha": "240391"
}
HTTP/1.1 200 OK
Context-Path: /autenticacao
TraceId: 1272855ccfb206f8
X-Application-Context: api--autenticacao:hml:5000
Content-Encoding: gzip
Content-Type: application/json;charset=UTF-8
Content-Length: 200
Date: Tue, 02 Feb 2021 12:32:19 GMT
Strict-Transport-Security: max-age=31536000 ; includeSubDomains
Set-Cookie: f5avraaaaaaaaaaaaaaaa_session_=PEPDODJKCOHBDHDOMIFOGOFKJJCNMHMHKOLCHAAFNJAKLCCDOOJJCIOHFKFLPFCCHCPDMGFOGGJHJEPOIIPANIJGAEFIEEHHBBBIBBOOLOIGAKGDPALBIJINDNJDDLGO; HttpOnly; secure
Set-Cookie: TS01b8223e=0142889eb891101abc07d4e7f5123f0a33c4eec47571524d9893b624ccbe95bf5e68e6e760ae02964ee6e88baa7a683265dc965eeb498b8f0e19dd1228e0abe297f8d0a453; Path=/
Set-Cookie: TS01b8223e030=01c5acd08e88a12ffd0f9ef609f6fd4ef14e5eb68eb910633ffbf11da5d33730db301d796acb3dc2604e2f946e261d5e0e0a25bcbd; Path=/

{
    "metadata": {
        "stage": "hml",
        "type": "object"
    },
    "results": {
        "tokenAcesso": "c41FGkwwhrRlJrQ_-v04f9-r0xcw4LFGhMzBmZxvaFE",
        "expiracao": 3600,
        "tipoToken": "Bearer",
        "refreshToken": "hgOndK9Nz2rdwFbzzyRmP-bdXCcEqRAHkCs2wtmZ4gA"
    }
}
Request method:	POST
Request URI:	https://api-hml.bancopan.com.br/bancodigital/api/v1/autenticacao
Proxy:			<none>
Request params:	<none>
Query params:	<none>
Form params:	<none>
Path params:	<none>
Headers:		origem=automacao
				Accept=*/*
				Content-Type=application/json; charset=UTF-8
Cookies:		<none>
Multiparts:		<none>
Body:
{
    "usuario": "19271475305",
    "senha": "240391"
}
HTTP/1.1 200 OK
Context-Path: /autenticacao
TraceId: a23ba3623a0a2e78
X-Application-Context: api--autenticacao:hml:5000
Content-Encoding: gzip
Content-Type: application/json;charset=UTF-8
Content-Length: 201
Date: Tue, 02 Feb 2021 12:32:19 GMT
Strict-Transport-Security: max-age=31536000 ; includeSubDomains
Set-Cookie: f5avraaaaaaaaaaaaaaaa_session_=HDNNEGDDCIBOOBGGKDGCABOPMGFPIKBLFCGKBJGNDJLHFHHCFCEPGLMMIHHJCEDDOEODBKKDIGLADPPCMHFACFEOAEPDELBPKMMLGCIJLDAAKHDCBEIHAFEIMMCPAFDE; HttpOnly; secure
Set-Cookie: TS01b8223e=0142889eb8729c3e3a1822108774a4765b8898c4f52d06eac878bfa5c6a73b9ab7f4bc10140f539d2471e53788ec0b210e92669b01b8c3c2fa389e762a064747237e930e10; Path=/
Set-Cookie: TS01b8223e030=01c5acd08ec1bd30995f6a71a87bdd6f9b3d73da2cdfb7ac7eb06e21e2ab731a3e96b1703ce98480fa54d32202a54903a16088111c; Path=/

{
    "metadata": {
        "stage": "hml",
        "type": "object"
    },
    "results": {
        "tokenAcesso": "9O2yV4LCH9oTasqKYRNuZyI5xumctCIO3_Y7flQi65Y",
        "expiracao": 3600,
        "tipoToken": "Bearer",
        "refreshToken": "6ZvKDQsv75BSj2019ZTH9lwpgICpIt3umDdweM2AxgI"
    }
}
Request method:	POST
Request URI:	https://cn-int-api--pix-bff-env-hml.bancopan.com.br/pix/transferencia/v1/ordem-pagamento
Proxy:			<none>
Request params:	<none>
Query params:	<none>
Form params:	<none>
Path params:	<none>
Headers:		origem=automacao
				idsessao=123444
				numero=0094889432
				agencia=0001
				ispb=59285411
				Authorization=Bearer 9O2yV4LCH9oTasqKYRNuZyI5xumctCIO3_Y7flQi65Y
				Accept=*/*
				Content-Type=application/json; charset=UTF-8
Cookies:		<none>
Multiparts:		<none>
Body:
{
    "valor": 20,
    "chave": "19271475305",
    "pagador": {
        "documento": {
            "cpfCnpj": "19271475305",
            "nome": "John Down"
        }
    },
    "recebedor": {
        "documento": {
            "cpfCnpj": "30807659584",
            "nome": "Blue Man"
        },
        "conta": {
            "ispb": "59285411",
            "agencia": "0001",
            "numero": "0094889424",
            "tipo": "CONTA_CORRENTE"
        }
    }
}
HTTP/1.1 200 
Content-Type: application/json;charset=UTF-8
Context-Path: /pix/transferencia/v1/ordem-pagamento
Date: Tue, 02 Feb 2021 12:32:22 GMT
idSessao: 123444
Server: nginx/1.16.1
Content-Length: 107
Connection: keep-alive

{
    "metadata": {
        "stage": "hml,live",
        "type": "object"
    },
    "results": {
        "endToEnd": "E59285411202102021232w2diSFl6mRo"
    }
}
Request method:	POST
Request URI:	https://cn-int-api--pix-bff-env-hml.bancopan.com.br/pix/transferencia/v1/devolucao
Proxy:			<none>
Request params:	<none>
Query params:	<none>
Form params:	<none>
Path params:	<none>
Headers:		origem=automacao
				idsessao=123444
				ispb=59285411
				agencia=0001
				numero=0098069634
				Authorization=Bearer c41FGkwwhrRlJrQ_-v04f9-r0xcw4LFGhMzBmZxvaFE
				Accept=*/*
				Content-Type=application/json; charset=UTF-8
Cookies:		<none>
Multiparts:		<none>
Body:
{
    "cpfCnpjSolicitante": "19271475305",
    "endToEnd": "E59285411202102021232w2diSFl6mRo",
    "codigoMotivo": "OUTROS",
    "motivo": "Duplication",
    "valorOperacao": 20
}
HTTP/1.1 401 
Content-Type: application/json;charset=UTF-8
Context-Path: /pix/transferencia/v1/devolucao
Date: Tue, 02 Feb 2021 12:32:23 GMT
idSessao: 123444
Server: nginx/1.16.1
transfer-encoding: chunked
Connection: keep-alive

{
    "metadata": {
        "stage": "hml,live",
        "type": "error",
        "info": "https://bancopan.atlassian.net/wiki/spaces/PIX/overview"
    },
    "results": {
        "userMessage": "Sua sessão expirou",
        "developerMessage": "Token de acesso expirou",
        "code": "AUTH-0005",
        "origin": "INTERNAL"
    }
}
]]></system-out>
  </testcase>
</testsuite>