<?xml version="1.0" encoding="UTF-8"?>
<testsuite xmlns:xsi="http://www.w3.org/2001/XMLSchema-instance" xsi:noNamespaceSchemaLocation="https://maven.apache.org/surefire/maven-surefire-plugin/xsd/surefire-test-report.xsd" name="PixTests.VincularDuasChavesCPF_EMAIL_Test" time="3.716" tests="2" errors="0" skipped="0" failures="2">
  <properties>
[...]
</properties>
  <testcase name="vinculaEmailTeste" classname="PixTests.VincularDuasChavesCPF_EMAIL_Test" time="2.012">
    <failure message="1 expectation failed.&#10;Expected status code &lt;201&gt; but was &lt;412&gt;.&#10;" type="java.lang.AssertionError"><![CDATA[java.lang.AssertionError: 
1 expectation failed.
Expected status code <201> but was <412>.

	at PixTests.VincularDuasChavesCPF_EMAIL_Test.vinculaEmailTeste(VincularDuasChavesCPF_EMAIL_Test.java:62)
]]></failure>
    <system-out><![CDATA[Request method:	POST
Request URI:	https://api-hml.bancopan.com.br/bancodigital/api/v1/autenticacao
Proxy:			<none>
Request params:	<none>
Query params:	<none>
Form params:	<none>
Path params:	<none>
Headers:		origem=automacao
				Accept=*/*
				Content-Type=application/json; charset=UTF-8
Cookies:		<none>
Multiparts:		<none>
Body:
{
    "usuario": "93236782102",
    "senha": "240391"
}
HTTP/1.1 200 OK
Context-Path: /autenticacao
TraceId: b9b52b063a80c604
X-Application-Context: api--autenticacao:hml:5000
Content-Encoding: gzip
Content-Type: application/json;charset=UTF-8
Content-Length: 200
Date: Tue, 02 Feb 2021 12:36:37 GMT
Strict-Transport-Security: max-age=31536000 ; includeSubDomains
Set-Cookie: f5avraaaaaaaaaaaaaaaa_session_=GJNPGJAOPPCOMKFPMIFLCJOHMLOJBNAGGGJLKOHELAEOACOEOOPLCKEMKDFMAPDGIOODBMJAJHGHFMPMCCDAFABCAEKIFIENKAHEOOIKOMIPOGLMKFHNPLJKOOHONLCH; HttpOnly; secure
Set-Cookie: TS01b8223e=0142889eb88344bf9cb290fa30f06d219622e24d61322a493675dbcad1fb422d943ada20e2a6b169c8b8255ad04514e02b8848b8f00d1cc833d1d268eedd975a9e359a6761; Path=/
Set-Cookie: TS01b8223e030=01c5acd08ebb6dcce49875bb040cf1d4b8f44201e6d101b1501bb88b4347bf33623d397a03d5c606bc5f988e4e980dbe9d045da1e3; Path=/

{
    "metadata": {
        "stage": "hml",
        "type": "object"
    },
    "results": {
        "tokenAcesso": "vgzPqwK_ckov9Pgn_S_9b0zpPpSX5MZY8OkU8s_Jd7Y",
        "expiracao": 3600,
        "tipoToken": "Bearer",
        "refreshToken": "besxaEzvr60iULlr0pIN6InMLfll6IzJdWGZAsW1P9c"
    }
}
Request method:	POST
Request URI:	https://cn-int-api--pix-bff-env-hml.bancopan.com.br/pix/conta/v1/chave
Proxy:			<none>
Request params:	<none>
Query params:	<none>
Form params:	<none>
Path params:	<none>
Headers:		origem=automacao
				idsessao=123444
				Authorization=Bearer vgzPqwK_ckov9Pgn_S_9b0zpPpSX5MZY8OkU8s_Jd7Y
				Accept=*/*
				Content-Type=application/json; charset=UTF-8
Cookies:		<none>
Multiparts:		<none>
Body:
{
    "tipo": "EMAIL",
    "valor": "Igvnenrkqteste@gmail.com",
    "conta": {
        "agencia": "0001",
        "numero": "0098438044"
    },
    "documento": {
        "tipo": "CPF",
        "numero": "93236782102",
        "nome": "Paulo Melo",
        "nomeFantasia": "PM"
    }
}
HTTP/1.1 412 
Content-Type: application/json;charset=UTF-8
Context-Path: /pix/conta/v1/chave
Date: Tue, 02 Feb 2021 12:36:38 GMT
idSessao: 123444
Server: nginx/1.16.1
transfer-encoding: chunked
Connection: keep-alive

{
    "metadata": {
        "stage": "hml,live",
        "type": "error",
        "info": "https://bancopan.atlassian.net/wiki/spaces/PIX/overview"
    },
    "results": {
        "userMessage": "Desculpe, mas não possivel cadastrar sua chave",
        "developerMessage": "Desculpe, mas não possivel cadastrar sua chaveEXISTENTE_MESMO_DONO_E_PSP",
        "code": "3",
        "data": {
            "title": "Você já tem essa chave aqui no Pan.",
            "subtitle": "Você já pode usar essa chave PIX pra receber aqui."
        }
    }
}
]]></system-out>
  </testcase>
  <testcase name="vinculaCPF" classname="PixTests.VincularDuasChavesCPF_EMAIL_Test" time="1.703">
    <failure message="1 expectation failed.&#10;Expected status code &lt;201&gt; but was &lt;412&gt;.&#10;" type="java.lang.AssertionError"><![CDATA[java.lang.AssertionError: 
1 expectation failed.
Expected status code <201> but was <412>.

	at PixTests.VincularDuasChavesCPF_EMAIL_Test.vinculaCPF(VincularDuasChavesCPF_EMAIL_Test.java:101)
]]></failure>
    <system-out><![CDATA[Request method:	POST
Request URI:	https://api-hml.bancopan.com.br/bancodigital/api/v1/autenticacao
Proxy:			<none>
Request params:	<none>
Query params:	<none>
Form params:	<none>
Path params:	<none>
Headers:		origem=automacao
				Accept=*/*
				Content-Type=application/json; charset=UTF-8
Cookies:		<none>
Multiparts:		<none>
Body:
{
    "usuario": "93236782102",
    "senha": "240391"
}
HTTP/1.1 200 OK
Context-Path: /autenticacao
TraceId: 1dfc9deb38f39e0d
X-Application-Context: api--autenticacao:hml:5000
Content-Encoding: gzip
Content-Type: application/json;charset=UTF-8
Content-Length: 203
Date: Tue, 02 Feb 2021 12:36:39 GMT
Strict-Transport-Security: max-age=31536000 ; includeSubDomains
Set-Cookie: f5avraaaaaaaaaaaaaaaa_session_=FECJJKPJEHHFBEFCLBHCKAHKJKHDHKHMIMBPNFOCDJFICOFOKIKKIGDHCPDCEKHLEDPDDPKHLHFIHKDNCDNAOIKHAELMEGHAOLNLALOEEDMGBBNGKABDHFKJFOLJJDGO; HttpOnly; secure
Set-Cookie: TS01b8223e=0142889eb8d2a3d7b6bc61e0dfe5be4b622d7e350ba7bb148f72e79d6c371a09380155127e7ded56c2d94433da242059b04eb348630604fb353a23c790e31a2c671b5691fc; Path=/
Set-Cookie: TS01b8223e030=01c5acd08e604a975bcf332cc81d10cb3888adbbed1eb621a02c632924642e67ca78ff40206c7b7ff55810a5f3d8a9f251c9a9577c; Path=/

{
    "metadata": {
        "stage": "hml",
        "type": "object"
    },
    "results": {
        "tokenAcesso": "4OPYpZHrG1i_4mDNOVjH-kPzwzFACyXYvqplpRKZACY",
        "expiracao": 3600,
        "tipoToken": "Bearer",
        "refreshToken": "v12LChfL3uIBYt9dJAHH98IuQIgG1mXMoJBXysh4bX8"
    }
}
Request method:	POST
Request URI:	https://cn-int-api--pix-bff-env-hml.bancopan.com.br/pix/conta/v1/chave
Proxy:			<none>
Request params:	<none>
Query params:	<none>
Form params:	<none>
Path params:	<none>
Headers:		origem=automacao
				idsessao=123444
				Authorization=Bearer 4OPYpZHrG1i_4mDNOVjH-kPzwzFACyXYvqplpRKZACY
				Accept=*/*
				Content-Type=application/json; charset=UTF-8
Cookies:		<none>
Multiparts:		<none>
Body:
{
    "tipo": "CPF",
    "valor": "93236782102",
    "conta": {
        "agencia": "0001",
        "numero": "0098438044"
    },
    "documento": {
        "tipo": "CPF",
        "numero": "93236782102",
        "nome": "Paulo Melo",
        "nomeFantasia": "PM"
    }
}
HTTP/1.1 412 
Content-Type: application/json;charset=UTF-8
Context-Path: /pix/conta/v1/chave
Date: Tue, 02 Feb 2021 12:36:40 GMT
idSessao: 123444
Server: nginx/1.16.1
transfer-encoding: chunked
Connection: keep-alive

{
    "metadata": {
        "stage": "hml,live",
        "type": "error",
        "info": "https://bancopan.atlassian.net/wiki/spaces/PIX/overview"
    },
    "results": {
        "userMessage": "Desculpe, mas não possivel cadastrar sua chave",
        "developerMessage": "Desculpe, mas não possivel cadastrar sua chaveEXISTENTE_MESMO_DONO_E_PSP",
        "code": "3",
        "data": {
            "title": "Você já tem essa chave aqui no Pan.",
            "subtitle": "Você já pode usar essa chave PIX pra receber aqui."
        }
    }
}
]]></system-out>
  </testcase>
</testsuite>